<?xml version="1.0" encoding="UTF-8"?>
<!-- Generated by org.testng.reporters.JUnitReportReporter -->
<testsuite hostname="Sai" failures="0" tests="1" name="testbase.TC001registerpage" time="2.942" errors="0" timestamp="2024-08-17T00:21:26 IST" skipped="0">
  <testcase classname="testbase.TC001registerpage" name="verifyaccount_register" time="2.942"/>
  <system-out/>
</testsuite> <!-- testbase.TC001registerpage -->
