<?xml version="1.0" encoding="UTF-8"?>
<!-- Generated by org.testng.reporters.JUnitReportReporter -->
<testsuite hostname="Sai" failures="0" tests="1" name="testbase.TC001registerpage" time="3.611" errors="0" timestamp="2024-08-25T12:38:24 IST" skipped="0">
  <testcase classname="testbase.TC001registerpage" name="verifyaccount_register" time="3.611"/>
  <system-out/>
</testsuite> <!-- testbase.TC001registerpage -->
